 ⚠ You are using a non-standard "NODE_ENV" value in your environment. This creates inconsistencies in the project and is strongly advised against. Read more: https://nextjs.org/docs/messages/non-standard-node-env
   ▲ Next.js 15.5.15
   - Local:        http://127.0.0.1:3010
   - Network:      http://127.0.0.1:3010

 ✓ Starting...
 ✓ Ready in 2s
 ○ Compiling /partner-program ...
 ⨯ ./app/globals.css
Module parse failed: Unexpected character '@' (1:0)
> @import "tailwindcss";
| @import "../styles/tokens.css";
| 

Import trace for requested module:
./app/globals.css
./app/layout.tsx
 ⨯ ./app/globals.css
Module parse failed: Unexpected character '@' (1:0)
> @import "tailwindcss";
| @import "../styles/tokens.css";
| 

Import trace for requested module:
./app/globals.css
./app/layout.tsx
 ⨯ ./app/globals.css
Module parse failed: Unexpected character '@' (1:0)
> @import "tailwindcss";
| @import "../styles/tokens.css";
| 

Import trace for requested module:
./app/globals.css
./app/layout.tsx
 ⨯ [Error: ENOENT: no such file or directory, open 'C:\Users\joris\Documents\Capitalife Web\.next\required-server-files.json'] {
  errno: -4058,
  code: 'ENOENT',
  syscall: 'open',
  path: 'C:\\Users\\joris\\Documents\\Capitalife Web\\.next\\required-server-files.json'
}
[Error: ENOENT: no such file or directory, open 'C:\Users\joris\Documents\Capitalife Web\.next\required-server-files.json'] {
  errno: -4058,
  code: 'ENOENT',
  syscall: 'open',
  path: 'C:\\Users\\joris\\Documents\\Capitalife Web\\.next\\required-server-files.json'
}
[Error: ENOENT: no such file or directory, open 'C:\Users\joris\Documents\Capitalife Web\.next\required-server-files.json'] {
  errno: -4058,
  code: 'ENOENT',
  syscall: 'open',
  path: 'C:\\Users\\joris\\Documents\\Capitalife Web\\.next\\required-server-files.json'
}
 GET /partner-program 500 in 8778ms
 GET /partner-program 500 in 44ms
